<?xml version="1.0"?>
<testsuite name="HeadlessChrome 96.0.4664 (Windows 10.0.0)" package="" timestamp="2022-01-06T08:31:25" id="0" hostname="DESKTOP-7EV3HUA" tests="2" errors="0" failures="0" time="0.424">
  <properties>
    <property name="browser.fullName" value="Mozilla/5.0 (Windows NT 10.0; Win64; x64) AppleWebKit/537.36 (KHTML, like Gecko) HeadlessChrome/96.0.4664.110 Safari/537.36"/>
  </properties>
  <testcase name="irtc test get start " time="0.415" classname="irtc test"/>
  <testcase name="irtc test 基础功能测试" time="0.009" classname="irtc test"/>
  <system-out>
    <![CDATA[HeadlessChrome 96.0.4664 (Windows 10.0.0) ERROR: 'DEPRECATION: Setting specFilter directly on Env is deprecated and will be removed in a future version of Jasmine, please use the specFilter option in `configure`'
,HeadlessChrome 96.0.4664 (Windows 10.0.0) LOG: '开始第1条测试用例'
,HeadlessChrome 96.0.4664 (Windows 10.0.0) LOG: 'create media stream success: ', '[object MediaStream]'
,HeadlessChrome 96.0.4664 (Windows 10.0.0) LOG: MediaStream{}
,HeadlessChrome 96.0.4664 (Windows 10.0.0) LOG: 'get authorization success'
,HeadlessChrome 96.0.4664 (Windows 10.0.0) LOG: 'create room success'
,HeadlessChrome 96.0.4664 (Windows 10.0.0) LOG: 'get token success', '{"tokenId":"61d6a8b547e4822907b79e86","host":"192.168.31.31:8080","secure":false,"signature":"YjVhZDY2MGMxM2M1ZmEzMzdmMjE1ODNhZTk1NzFlNGVlM2Q0OGFkMTkxNjEzNTk1ZWY2ZjM4YmUwOGE5N2I1Nw=="}'
,HeadlessChrome 96.0.4664 (Windows 10.0.0) LOG: 'get room list success', 1
,HeadlessChrome 96.0.4664 (Windows 10.0.0) LOG: 'roomId', '61d6a8b547e4822907b79e85'
,HeadlessChrome 96.0.4664 (Windows 10.0.0) ERROR: 'DEPRECATION: An asynchronous before/it/after function was defined with the async keyword but also took a done callback. This is not supported and will stop working in the future. Either remove the done callback (recommended) or remove the async keyword. (in spec: irtc test get start )'
,HeadlessChrome 96.0.4664 (Windows 10.0.0) LOG: 'join room success'
,HeadlessChrome 96.0.4664 (Windows 10.0.0) LOG: 'ICE connection state changed to checking'
,HeadlessChrome 96.0.4664 (Windows 10.0.0) LOG: 'Remote stream added.'
,HeadlessChrome 96.0.4664 (Windows 10.0.0) WARN: 'Received remote stream without subscription.'
,HeadlessChrome 96.0.4664 (Windows 10.0.0) LOG: 'Remote stream added.'
,HeadlessChrome 96.0.4664 (Windows 10.0.0) WARN: 'Received remote stream without subscription.'
,HeadlessChrome 96.0.4664 (Windows 10.0.0) LOG: 'Empty candidate.'
,HeadlessChrome 96.0.4664 (Windows 10.0.0) LOG: 'ICE connection state changed to connected'
,HeadlessChrome 96.0.4664 (Windows 10.0.0) LOG: 'change remote stream id ', t{addEventListener: function(t, n) { ... }, removeEventListener: function(t, n) { ... }, clearEventListener: function(t) { ... }, dispatchEvent: function(t) { ... }, settings: e{audio: e{codec: ...}, video: e{codec: ..., resolution: ..., frameRate: ..., bitrate: ..., keyFrameInterval: ...}}, capabilities: e{audio: e{codecs: ...}, video: e{codecs: ..., resolutions: ..., frameRates: ..., bitrateMultipliers: ..., keyFrameIntervals: ...}}}
,HeadlessChrome 96.0.4664 (Windows 10.0.0) LOG: 'remoteStream', t{addEventListener: function(t, n) { ... }, removeEventListener: function(t, n) { ... }, clearEventListener: function(t) { ... }, dispatchEvent: function(t) { ... }, settings: e{audio: e{codec: ...}, video: e{codec: ..., resolution: ..., frameRate: ..., bitrate: ..., keyFrameInterval: ...}}, capabilities: e{audio: e{codecs: ...}, video: e{codecs: ..., resolutions: ..., frameRates: ..., bitrateMultipliers: ..., keyFrameIntervals: ...}}}
,HeadlessChrome 96.0.4664 (Windows 10.0.0) LOG: 'publish local stream success', t{addEventListener: function(t, n) { ... }, removeEventListener: function(t, n) { ... }, clearEventListener: function(t) { ... }, dispatchEvent: function(t) { ... }, stop: function() { ... }, getStats: function() { ... }, getPCSenders: function() { ... }, mute: function(t) { ... }, unmute: function(t) { ... }}
,HeadlessChrome 96.0.4664 (Windows 10.0.0) LOG: 'ICE connection state changed to checking'
,HeadlessChrome 96.0.4664 (Windows 10.0.0) LOG: 'Remote stream added.'
,HeadlessChrome 96.0.4664 (Windows 10.0.0) LOG: 'Remote stream added.'
,HeadlessChrome 96.0.4664 (Windows 10.0.0) LOG: 'Empty candidate.'
,HeadlessChrome 96.0.4664 (Windows 10.0.0) LOG: 'ICE connection state changed to connected'
,HeadlessChrome 96.0.4664 (Windows 10.0.0) LOG: 'subscribe success', t{addEventListener: function(t, n) { ... }, removeEventListener: function(t, n) { ... }, clearEventListener: function(t) { ... }, dispatchEvent: function(t) { ... }, stop: function() { ... }, getStats: function() { ... }, mute: function(t) { ... }, unmute: function(t) { ... }, applyOptions: function(t) { ... }}
,HeadlessChrome 96.0.4664 (Windows 10.0.0) LOG: 'get start success', Map{}
,HeadlessChrome 96.0.4664 (Windows 10.0.0) LOG: 'subscriptionTemp get start success', '[object Map]'
,HeadlessChrome 96.0.4664 (Windows 10.0.0) LOG: 'get room list success', 1
,HeadlessChrome 96.0.4664 (Windows 10.0.0) LOG: '当前为第1测试用例结果', 'eyJ0b2tlbklkIjoiNjFkNmE4YjU0N2U0ODIyOTA3Yjc5ZTg2IiwiaG9zdCI6IjE5Mi4xNjguMzEuMzE6ODA4MCIsInNlY3VyZSI6ZmFsc2UsInNpZ25hdHVyZSI6IllqVmhaRFkyTUdNeE0yTTFabUV6TXpkbU1qRTFPRE5oWlRrMU56RmxOR1ZsTTJRME9HRmtNVGt4TmpFek5UazFaV1kyWmpNNFltVXdPR0U1TjJJMU53PT0ifQ==', t{addEventListener: function(t, n) { ... }, removeEventListener: function(t, n) { ... }, clearEventListener: function(t) { ... }, dispatchEvent: function(t) { ... }}, t{addEventListener: function(t, n) { ... }, removeEventListener: function(t, n) { ... }, clearEventListener: function(t) { ... }, dispatchEvent: function(t) { ... }, stop: function() { ... }, getStats: function() { ... }, getPCSenders: function() { ... }, mute: function(t) { ... }, unmute: function(t) { ... }}, t{addEventListener: function(t, n) { ... }, removeEventListener: function(t, n) { ... }, clearEventListener: function(t) { ... }, dispatchEvent: function(t) { ... }, stop: function() { ... }, getStats: function() { ... }, mute: function(t) { ... }, unmute: function(t) { ... }, applyOptions: function(t) { ... }}
,HeadlessChrome 96.0.4664 (Windows 10.0.0) LOG: '第1条测试用例结束'
,HeadlessChrome 96.0.4664 (Windows 10.0.0) LOG: 'token', '{"tokenId":"61d6a8b547e4822907b79e86","host":"192.168.31.31:8080","secure":false,"signature":"YjVhZDY2MGMxM2M1ZmEzMzdmMjE1ODNhZTk1NzFlNGVlM2Q0OGFkMTkxNjEzNTk1ZWY2ZjM4YmUwOGE5N2I1Nw=="}'
,HeadlessChrome 96.0.4664 (Windows 10.0.0) ERROR: 'DEPRECATION: An asynchronous before/it/after function was defined with the async keyword but also took a done callback. This is not supported and will stop working in the future. Either remove the done callback (recommended) or remove the async keyword. (in spec: irtc test 基础功能测试)'
,HeadlessChrome 96.0.4664 (Windows 10.0.0) LOG: 'join room fail', 'Error: connection state invalid'
,HeadlessChrome 96.0.4664 (Windows 10.0.0) LOG: 'delete room success', 'Room deleted', 'roomId:', '61d6a8b547e4822907b79e85'
,HeadlessChrome 96.0.4664 (Windows 10.0.0) LOG: 'get room list success', 0
,HeadlessChrome 96.0.4664 (Windows 10.0.0) LOG: '当前为第2测试用例结果', 'eyJ0b2tlbklkIjoiNjFkNmE4YjU0N2U0ODIyOTA3Yjc5ZTg2IiwiaG9zdCI6IjE5Mi4xNjguMzEuMzE6ODA4MCIsInNlY3VyZSI6ZmFsc2UsInNpZ25hdHVyZSI6IllqVmhaRFkyTUdNeE0yTTFabUV6TXpkbU1qRTFPRE5oWlRrMU56RmxOR1ZsTTJRME9HRmtNVGt4TmpFek5UazFaV1kyWmpNNFltVXdPR0U1TjJJMU53PT0ifQ==', t{addEventListener: function(t, n) { ... }, removeEventListener: function(t, n) { ... }, clearEventListener: function(t) { ... }, dispatchEvent: function(t) { ... }}, t{addEventListener: function(t, n) { ... }, removeEventListener: function(t, n) { ... }, clearEventListener: function(t) { ... }, dispatchEvent: function(t) { ... }, stop: function() { ... }, getStats: function() { ... }, getPCSenders: function() { ... }, mute: function(t) { ... }, unmute: function(t) { ... }}, t{addEventListener: function(t, n) { ... }, removeEventListener: function(t, n) { ... }, clearEventListener: function(t) { ... }, dispatchEvent: function(t) { ... }, stop: function() { ... }, getStats: function() { ... }, mute: function(t) { ... }, unmute: function(t) { ... }, applyOptions: function(t) { ... }}
,HeadlessChrome 96.0.4664 (Windows 10.0.0) LOG: '第2条测试用例结束'

]]>
  </system-out>
  <system-err/>
</testsuite>